<?xml version="1.0" encoding="UTF-8"?>
<!-- Generated by org.testng.reporters.JUnitXMLReporter -->
<testsuite hostname="DESKTOP-FBFN071" ignored="2" name="Test" tests="4" failures="2" timestamp="2019-12-01T16:05:26 IST" time="0.259" errors="0">
  <testcase name="functionality1" time="0.032" classname="flipWrapper.FunctionalityOne"/>
  <testcase name="functionality1Test2" time="0.004" classname="flipWrapper.FunctionalityOne">
    <failure type="java.lang.AssertionError" message="expected [Sun] but found [Krishna]">
      <![CDATA[java.lang.AssertionError: expected [Sun] but found [Krishna]
at flipWrapper.FunctionalityOne.functionality1Test2(FunctionalityOne.java:18)
at java.util.ArrayList.forEach(Unknown Source)
... Removed 32 stack frames]]>
    </failure>
  </testcase> <!-- functionality1Test2 -->
  <testcase name="functionality2" time="0.004" classname="flipWrapper.FunctionalityTwo"/>
  <testcase name="functionality2Test2" time="0.008" classname="flipWrapper.FunctionalityTwo">
    <failure type="java.lang.AssertionError" message="expected [Sun] but found [Krishna]">
      <![CDATA[java.lang.AssertionError: expected [Sun] but found [Krishna]
at flipWrapper.FunctionalityTwo.functionality2Test2(FunctionalityTwo.java:18)
at java.util.ArrayList.forEach(Unknown Source)
... Removed 32 stack frames]]>
    </failure>
  </testcase> <!-- functionality2Test2 -->
  <testcase name="@BeforeSuite setup" time="0.0" classname="flipWrapper.ExtentReport">
    <ignored/>
  </testcase> <!-- @BeforeSuite setup -->
  <testcase name="@AfterSuite tearDown" time="0.0" classname="flipWrapper.ExtentReport">
    <ignored/>
  </testcase> <!-- @AfterSuite tearDown -->
</testsuite> <!-- Test -->
